This is pdfTeX, Version 3.1415926-1.40.11 (TeX Live 2010) (format=pdflatex 2010.7.21)  13 JUN 2016 08:43
entering extended mode
 \write18 enabled.
 file:line:error style messages enabled.
 %&-line parsing enabled.
**"parametrized equations.tex"
(./parametrized equations.tex
LaTeX2e <2009/09/24>
Babel <v3.8l> and hyphenation patterns for english, dumylang, nohyphenation, ge
rman-x-2009-06-19, ngerman-x-2009-06-19, ancientgreek, ibycus, arabic, armenian
, basque, bulgarian, catalan, pinyin, coptic, croatian, czech, danish, dutch, u
kenglish, usenglishmax, esperanto, estonian, farsi, finnish, french, galician, 
german, ngerman, swissgerman, monogreek, greek, hungarian, icelandic, assamese,
 bengali, gujarati, hindi, kannada, malayalam, marathi, oriya, panjabi, tamil, 
telugu, indonesian, interlingua, irish, italian, kurmanji, lao, latin, latvian,
 lithuanian, mongolian, mongolianlmc, bokmal, nynorsk, polish, portuguese, roma
nian, russian, sanskrit, serbian, slovak, slovenian, spanish, swedish, turkish,
 turkmen, ukrainian, uppersorbian, welsh, loaded.
(/usr/local/texlive/2010/texmf-dist/tex/latex/base/article.cls
Document Class: article 2007/10/19 v1.4h Standard LaTeX document class
(/usr/local/texlive/2010/texmf-dist/tex/latex/base/size11.clo
File: size11.clo 2007/10/19 v1.4h Standard LaTeX file (size option)
)
\c@part=\count79
\c@section=\count80
\c@subsection=\count81
\c@subsubsection=\count82
\c@paragraph=\count83
\c@subparagraph=\count84
\c@figure=\count85
\c@table=\count86
\abovecaptionskip=\skip41
\belowcaptionskip=\skip42
\bibindent=\dimen102
)
(/usr/local/texlive/2010/texmf-dist/tex/latex/setspace/setspace.sty
Package: setspace 2000/12/01 6.7 Contributed and Supported LaTeX2e package

Package: `setspace' 6.7 <2000/12/01>
) (/usr/local/texlive/2010/texmf-dist/tex/latex/hyphenat/hyphenat.sty
Package: hyphenat 2009/09/02 v2.3c hyphenation utilities
\langwohyphens=\language72
LaTeX Info: Redefining \_ on input line 43.
)
(/usr/local/texlive/2010/texmf-dist/tex/latex/amsmath/amsmath.sty
Package: amsmath 2000/07/18 v2.13 AMS math features
\@mathmargin=\skip43

For additional information on amsmath, use the `?' option.
(/usr/local/texlive/2010/texmf-dist/tex/latex/amsmath/amstext.sty
Package: amstext 2000/06/29 v2.01

(/usr/local/texlive/2010/texmf-dist/tex/latex/amsmath/amsgen.sty
File: amsgen.sty 1999/11/30 v2.0
\@emptytoks=\toks14
\ex@=\dimen103
))
(/usr/local/texlive/2010/texmf-dist/tex/latex/amsmath/amsbsy.sty
Package: amsbsy 1999/11/29 v1.2d
\pmbraise@=\dimen104
)
(/usr/local/texlive/2010/texmf-dist/tex/latex/amsmath/amsopn.sty
Package: amsopn 1999/12/14 v2.01 operator names
)
\inf@bad=\count87
LaTeX Info: Redefining \frac on input line 211.
\uproot@=\count88
\leftroot@=\count89
LaTeX Info: Redefining \overline on input line 307.
\classnum@=\count90
\DOTSCASE@=\count91
LaTeX Info: Redefining \ldots on input line 379.
LaTeX Info: Redefining \dots on input line 382.
LaTeX Info: Redefining \cdots on input line 467.
\Mathstrutbox@=\box26
\strutbox@=\box27
\big@size=\dimen105
LaTeX Font Info:    Redeclaring font encoding OML on input line 567.
LaTeX Font Info:    Redeclaring font encoding OMS on input line 568.
\macc@depth=\count92
\c@MaxMatrixCols=\count93
\dotsspace@=\muskip10
\c@parentequation=\count94
\dspbrk@lvl=\count95
\tag@help=\toks15
\row@=\count96
\column@=\count97
\maxfields@=\count98
\andhelp@=\toks16
\eqnshift@=\dimen106
\alignsep@=\dimen107
\tagshift@=\dimen108
\tagwidth@=\dimen109
\totwidth@=\dimen110
\lineht@=\dimen111
\@envbody=\toks17
\multlinegap=\skip44
\multlinetaggap=\skip45
\mathdisplay@stack=\toks18
LaTeX Info: Redefining \[ on input line 2666.
LaTeX Info: Redefining \] on input line 2667.
)
No file "parametrized equations".aux.
\openout1 = `"parametrized equations.aux"'.

LaTeX Font Info:    Checking defaults for OML/cmm/m/it on input line 7.
LaTeX Font Info:    ... okay on input line 7.
LaTeX Font Info:    Checking defaults for T1/cmr/m/n on input line 7.
LaTeX Font Info:    ... okay on input line 7.
LaTeX Font Info:    Checking defaults for OT1/cmr/m/n on input line 7.
LaTeX Font Info:    ... okay on input line 7.
LaTeX Font Info:    Checking defaults for OMS/cmsy/m/n on input line 7.
LaTeX Font Info:    ... okay on input line 7.
LaTeX Font Info:    Checking defaults for OMX/cmex/m/n on input line 7.
LaTeX Font Info:    ... okay on input line 7.
LaTeX Font Info:    Checking defaults for U/cmr/m/n on input line 7.
LaTeX Font Info:    ... okay on input line 7.

Overfull \hbox (18.47385pt too wide) in paragraph at lines 18--19
\OT1/cmr/m/n/10.95 molec-u-lar dy-nam-ics (MD) sim-u-la-tion with a Yukawa po-t
en-tial at the mi-cro-scopic
 []

[1

{/usr/local/texlive/2010/texmf-var/fonts/map/pdftex/updmap/pdftex.map}]
[2]
Overfull \hbox (3.96384pt too wide) in paragraph at lines 60--61
 [] \OT1/cmr/m/n/10.95 The 2D-2V MD sim-u-la-tion evolves ac-cord-ing to the ve
-loc-ity Ver-let equa-tion 
 []

[3] [4]
Overfull \hbox (20.79993pt too wide) in paragraph at lines 99--99
[] 
 []

[5]
Overfull \hbox (10.78352pt too wide) in paragraph at lines 116--118
\OT1/cmr/m/n/10.95 We can then use $\OML/cmm/m/it/10.95 a$ \OT1/cmr/m/n/10.95 a
s the char-ac-ter-is-tic length scale, and $[]$ as the char-ac-ter-is-tic
 []

[6] [7]
Overfull \hbox (6.53526pt too wide) in paragraph at lines 148--150
\OT1/cmr/m/n/10.95 We can then spec-ify the ini-tial con-di-tions, $[]\OML/cmm/
m/it/10.95 ; []$\OT1/cmr/m/n/10.95 , so that the cou-pling pa-ram-e-ter
 []

[8] [9]
Overfull \hbox (0.83832pt too wide) in paragraph at lines 177--179
\OT1/cmr/m/n/10.95 This can eas-ily be ex-tended to mul-ti-ple species by re-pl
ac-ing $\OML/cmm/m/it/10.95 Z[]$ \OT1/cmr/m/n/10.95 with $[][] \OML/cmm/m/it/10
.95 Z[][]$\OT1/cmr/m/n/10.95 .
 []


Overfull \hbox (11.9951pt too wide) in paragraph at lines 182--183
 [] \OT1/cmr/m/n/10.95 As with the ki-netic equa-tions, the di-men-sion-less MD
 equa-tions are es-sen-tially
 []

[10]
Overfull \hbox (6.3692pt too wide) in paragraph at lines 187--189
\OT1/cmr/m/n/10.95 During the equi-li-bra-tion phase, the Langevin ve-loc-ity V
er-let equa-tions be-come 
 []


Overfull \hbox (17.75833pt too wide) in paragraph at lines 193--193
[] 
 []

[11]
Overfull \hbox (10.87077pt too wide) in paragraph at lines 207--209
\OT1/cmr/m/n/10.95 The mo-ments must be time-averaged since these quan-ti-ties 
con-tain a sig-nif-i-cant
 []

[12] (./parametrized equations.aux) ) 
Here is how much of TeX's memory you used:
 902 strings out of 493747
 10548 string characters out of 3143546
 69050 words of memory out of 3000000
 4244 multiletter control sequences out of 15000+200000
 9709 words of font info for 35 fonts, out of 3000000 for 9000
 714 hyphenation exceptions out of 8191
 27i,12n,20p,534b,257s stack positions out of 5000i,500n,10000p,200000b,50000s
</usr/local/texlive/2010/texmf-dist/fonts/
type1/public/amsfonts/cm/cmbx12.pfb></usr/local/texlive/2010/texmf-dist/fonts/t
ype1/public/amsfonts/cm/cmex10.pfb></usr/local/texlive/2010/texmf-dist/fonts/ty
pe1/public/amsfonts/cm/cmmi10.pfb></usr/local/texlive/2010/texmf-dist/fonts/typ
e1/public/amsfonts/cm/cmmi6.pfb></usr/local/texlive/2010/texmf-dist/fonts/type1
/public/amsfonts/cm/cmmi8.pfb></usr/local/texlive/2010/texmf-dist/fonts/type1/p
ublic/amsfonts/cm/cmr10.pfb></usr/local/texlive/2010/texmf-dist/fonts/type1/pub
lic/amsfonts/cm/cmr17.pfb></usr/local/texlive/2010/texmf-dist/fonts/type1/publi
c/amsfonts/cm/cmr6.pfb></usr/local/texlive/2010/texmf-dist/fonts/type1/public/a
msfonts/cm/cmr8.pfb></usr/local/texlive/2010/texmf-dist/fonts/type1/public/amsf
onts/cm/cmsy10.pfb></usr/local/texlive/2010/texmf-dist/fonts/type1/public/amsfo
nts/cm/cmsy8.pfb>
Output written on "parametrized equations.pdf" (12 pages, 138227 bytes).
PDF statistics:
 87 PDF objects out of 1000 (max. 8388607)
 61 compressed objects within 1 object stream
 0 named destinations out of 1000 (max. 500000)
 1 words of extra memory for PDF output out of 10000 (max. 10000000)

